# JRE version: OpenJDK Runtime Environment (26.0+35) (build 26+35-2893)
# Java VM: OpenJDK 64-Bit Server VM (26+35-2893, mixed mode, emulated-client, sharing, tiered, compressed oops, compressed class ptrs, g1 gc, windows-amd64)
GC Precious Log:
 CardTable entry size: 512
 Card Set container configuration: InlinePtr #cards 4 size 8 Array Of Cards #cards 16 size 48 Howl #buckets 8 coarsen threshold 3686 Howl Bitmap #cards 512 size 80 coarsen threshold 460 Card regions per heap region 1 cards per card region 4096
 CPUs: 12 total, 12 available
 Memory: 15739M
 Large Page Support: Disabled
 NUMA Support: Disabled
 Compressed Oops: Enabled (Zero based)
 Heap Region Size: 2M
 Heap Min Capacity: 8M
 Heap Initial Capacity: 8M
 Heap Max Capacity: 3936M
 Pre-touch: Disabled
 Parallel Workers: 10
 Concurrent Workers: 3
 Concurrent Refinement Workers: 10
 Periodic GC: Disabled
Heap:
 garbage-first heap   total reserved 4030464K, committed 331776K, used 208175K [0x000000070a000000, 0x0000000800000000)
  region size 2M, 67 eden (134M), 11 survivor (22M), 26 old (52M), 0 humongous (0M), 58 free (116M)
GC Heap Usage History (20 events):
Event: 2.025 {heap Before GC invocations=14 (full 0):
 garbage-first heap   total reserved 4030464K, committed 110592K, used 19075K [0x000000070a000000, 0x0000000800000000)
  region size 2M, 1 eden (2M), 2 survivor (4M), 8 old (16M), 0 humongous (0M), 43 free (86M)
}
Event: 2.027 {heap After GC invocations=15 (full 0):
 garbage-first heap   total reserved 4030464K, committed 110592K, used 18701K [0x000000070a000000, 0x0000000800000000)
  region size 2M, 0 eden (0M), 2 survivor (4M), 8 old (16M), 0 humongous (0M), 44 free (88M)
}
Event: 2.694 {heap Before GC invocations=16 (full 0):
 garbage-first heap   total reserved 4030464K, committed 110592K, used 80141K [0x000000070a000000, 0x0000000800000000)
  region size 2M, 30 eden (60M), 2 survivor (4M), 8 old (16M), 0 humongous (0M), 14 free (28M)
}
Event: 2.697 {heap After GC invocations=17 (full 0):
 garbage-first heap   total reserved 4030464K, committed 110592K, used 23587K [0x000000070a000000, 0x0000000800000000)
  region size 2M, 0 eden (0M), 4 survivor (8M), 8 old (16M), 0 humongous (0M), 42 free (84M)
}
Event: 3.086 {heap Before GC invocations=17 (full 0):
 garbage-first heap   total reserved 4030464K, committed 110592K, used 70691K [0x000000070a000000, 0x0000000800000000)
  region size 2M, 25 eden (50M), 4 survivor (8M), 8 old (16M), 0 humongous (0M), 17 free (34M)
}
Event: 3.089 {heap After GC invocations=18 (full 0):
 garbage-first heap   total reserved 4030464K, committed 110592K, used 25599K [0x000000070a000000, 0x0000000800000000)
  region size 2M, 0 eden (0M), 2 survivor (4M), 12 old (24M), 0 humongous (0M), 40 free (80M)
}
Event: 3.250 {heap Before GC invocations=19 (full 0):
 garbage-first heap   total reserved 4030464K, committed 110592K, used 84991K [0x000000070a000000, 0x0000000800000000)
  region size 2M, 30 eden (60M), 2 survivor (4M), 12 old (24M), 0 humongous (0M), 10 free (20M)
}
Event: 3.252 {heap After GC invocations=20 (full 0):
 garbage-first heap   total reserved 4030464K, committed 110592K, used 28341K [0x000000070a000000, 0x0000000800000000)
  region size 2M, 0 eden (0M), 3 survivor (6M), 12 old (24M), 0 humongous (0M), 39 free (78M)
}
Event: 3.354 {heap Before GC invocations=20 (full 0):
 garbage-first heap   total reserved 4030464K, committed 110592K, used 87733K [0x000000070a000000, 0x0000000800000000)
  region size 2M, 29 eden (58M), 3 survivor (6M), 12 old (24M), 0 humongous (0M), 10 free (20M)
}
Event: 3.357 {heap After GC invocations=21 (full 0):
 garbage-first heap   total reserved 4030464K, committed 110592K, used 32640K [0x000000070a000000, 0x0000000800000000)
  region size 2M, 0 eden (0M), 4 survivor (8M), 13 old (26M), 0 humongous (0M), 37 free (74M)
}
Event: 3.429 {heap Before GC invocations=21 (full 0):
 garbage-first heap   total reserved 4030464K, committed 110592K, used 89984K [0x000000070a000000, 0x0000000800000000)
  region size 2M, 28 eden (56M), 4 survivor (8M), 13 old (26M), 0 humongous (0M), 9 free (18M)
}
Event: 3.432 {heap After GC invocations=22 (full 0):
 garbage-first heap   total reserved 4030464K, committed 110592K, used 36523K [0x000000070a000000, 0x0000000800000000)
  region size 2M, 0 eden (0M), 2 survivor (4M), 16 old (32M), 0 humongous (0M), 36 free (72M)
}
Event: 3.514 {heap Before GC invocations=22 (full 0):
 garbage-first heap   total reserved 4030464K, committed 110592K, used 95915K [0x000000070a000000, 0x0000000800000000)
  region size 2M, 29 eden (58M), 2 survivor (4M), 16 old (32M), 0 humongous (0M), 7 free (14M)
}
Event: 3.518 {heap After GC invocations=23 (full 0):
 garbage-first heap   total reserved 4030464K, committed 331776K, used 40651K [0x000000070a000000, 0x0000000800000000)
  region size 2M, 0 eden (0M), 4 survivor (8M), 16 old (32M), 0 humongous (0M), 142 free (284M)
}
Event: 3.786 {heap Before GC invocations=23 (full 0):
 garbage-first heap   total reserved 4030464K, committed 331776K, used 231115K [0x000000070a000000, 0x0000000800000000)
  region size 2M, 93 eden (186M), 4 survivor (8M), 16 old (32M), 0 humongous (0M), 49 free (98M)
}
Event: 3.792 {heap After GC invocations=24 (full 0):
 garbage-first heap   total reserved 4030464K, committed 331776K, used 52088K [0x000000070a000000, 0x0000000800000000)
  region size 2M, 0 eden (0M), 10 survivor (20M), 16 old (32M), 0 humongous (0M), 136 free (272M)
}
Event: 4.038 {heap Before GC invocations=24 (full 0):
 garbage-first heap   total reserved 4030464K, committed 331776K, used 230264K [0x000000070a000000, 0x0000000800000000)
  region size 2M, 87 eden (174M), 10 survivor (20M), 16 old (32M), 0 humongous (0M), 49 free (98M)
}
Event: 4.046 {heap After GC invocations=25 (full 0):
 garbage-first heap   total reserved 4030464K, committed 331776K, used 61541K [0x000000070a000000, 0x0000000800000000)
  region size 2M, 0 eden (0M), 11 survivor (22M), 20 old (40M), 0 humongous (0M), 131 free (262M)
}
Event: 4.378 {heap Before GC invocations=25 (full 0):
 garbage-first heap   total reserved 4030464K, committed 331776K, used 237669K [0x000000070a000000, 0x0000000800000000)
  region size 2M, 86 eden (172M), 11 survivor (22M), 20 old (40M), 0 humongous (0M), 45 free (90M)
}
Event: 4.385 {heap After GC invocations=26 (full 0):
 garbage-first heap   total reserved 4030464K, committed 331776K, used 73007K [0x000000070a000000, 0x0000000800000000)
  region size 2M, 0 eden (0M), 11 survivor (22M), 26 old (52M), 0 humongous (0M), 125 free (250M)
}

